Using pre-set license
Built from '2020.3/staging' branch; Version is '2020.3.4f1 (0abb6314276a) revision 703331'; Using compiler version '192528614'; Build Type 'Release'
OS: 'Windows 10 Home; OS build 18363.1440; Version 1909; 64bit' Language: 'ja' Physical Memory: 16285 MB
BatchMode: 1, IsHumanControllingUs: 0, StartBugReporterOnCrash: 0, Is64bit: 1, IsPro: 0

 COMMAND LINE ARGUMENTS:
D:\Unity\2020.3.4f1\Editor\Unity.exe
-adb2
-batchMode
-noUpm
-name
AssetImportWorker0
-projectPath
D:/Git LFS/Unity-X/ProjectX
-logFile
Logs/AssetImportWorker0.log
-srvPort
62316
Successfully changed project path to: D:/Git LFS/Unity-X/ProjectX
D:/Git LFS/Unity-X/ProjectX
Using Asset Import Pipeline V2.
Refreshing native plugins compatible for Editor in 34.89 ms, found 0 plugins.
Preloading 0 native plugins for Editor in 0.00 ms.
Initialize engine version: 2020.3.4f1 (0abb6314276a)
[Subsystems] Discovering subsystems at path D:/Unity/2020.3.4f1/Editor/Data/Resources/UnitySubsystems
[Subsystems] Discovering subsystems at path D:/Git LFS/Unity-X/ProjectX/Assets
GfxDevice: creating device client; threaded=0
Direct3D:
    Version:  Direct3D 11.0 [level 11.1]
    Renderer: NVIDIA GeForce GTX 1070 (ID=0x1b81)
    Vendor:   
    VRAM:     8088 MB
    Driver:   27.21.14.5671
Initialize mono
Mono path[0] = 'D:/Unity/2020.3.4f1/Editor/Data/Managed'
Mono path[1] = 'D:/Unity/2020.3.4f1/Editor/Data/MonoBleedingEdge/lib/mono/unityjit'
Mono config path = 'D:/Unity/2020.3.4f1/Editor/Data/MonoBleedingEdge/etc'
Using monoOptions --debugger-agent=transport=dt_socket,embedding=1,server=y,suspend=n,address=127.0.0.1:56620
Begin MonoManager ReloadAssembly
Registering precompiled unity dll's ...
Register platform support module: D:/Unity/2020.3.4f1/Editor/Data/PlaybackEngines/WindowsStandaloneSupport/UnityEditor.WindowsStandalone.Extensions.dll
Registered in 0.005948 seconds.
Native extension for WindowsStandalone target not found
Refreshing native plugins compatible for Editor in 32.17 ms, found 0 plugins.
Preloading 0 native plugins for Editor in 0.00 ms.
Mono: successfully reloaded assembly
- Completed reload, in  2.251 seconds
Platform modules already initialized, skipping
Registering precompiled user dll's ...
Registered in 0.001370 seconds.
Begin MonoManager ReloadAssembly
Native extension for WindowsStandalone target not found
Refreshing native plugins compatible for Editor in 0.27 ms, found 0 plugins.
Preloading 0 native plugins for Editor in 0.00 ms.
Mono: successfully reloaded assembly
- Completed reload, in  1.174 seconds
Platform modules already initialized, skipping
========================================================================
Worker process is ready to serve import requests
Launched and connected shader compiler UnityShaderCompiler.exe after 0.10 seconds
Refreshing native plugins compatible for Editor in 0.35 ms, found 0 plugins.
Preloading 0 native plugins for Editor in 0.00 ms.
Unloading 1169 Unused Serialized files (Serialized files now loaded: 0)
System memory in use before: 62.0 MB.
System memory in use after: 62.0 MB.

Unloading 10 unused Assets to reduce memory usage. Loaded Objects now: 1613.
Total: 2.146000 ms (FindLiveObjects: 0.191700 ms CreateObjectMapping: 0.097300 ms MarkObjects: 1.749200 ms  DeleteObjects: 0.106200 ms)

========================================================================
Received Import Request.
  path: Assets/Object/Enemy/Prefab/mutant.prefab
  artifactKey: Guid(d8d0db951a012e341a5e8cb09aa7c030) Importer(815301076,1909f56bfc062723c751e8b465ee728b)
Start importing Assets/Object/Enemy/Prefab/mutant.prefab using Guid(d8d0db951a012e341a5e8cb09aa7c030) Importer(815301076,1909f56bfc062723c751e8b465ee728b)  -> (artifact id: '5962ad188f6fed9ebab15e82efb7d9ff') in 0.301138 seconds
  Import took 0.304585 seconds .

========================================================================
Received Import Request.
  Time since last request: 0.000345 seconds.
  path: Assets/Object/Enemy/Prefab/zombie (1).prefab
  artifactKey: Guid(b88fcab965cb74e48a9c578330d1ab73) Importer(815301076,1909f56bfc062723c751e8b465ee728b)
Start importing Assets/Object/Enemy/Prefab/zombie (1).prefab using Guid(b88fcab965cb74e48a9c578330d1ab73) Importer(815301076,1909f56bfc062723c751e8b465ee728b)  -> (artifact id: '74413d47efa632cc9049153d496155e0') in 0.022520 seconds
  Import took 0.025043 seconds .

========================================================================
Received Prepare
Registering precompiled user dll's ...
Registered in 0.001465 seconds.
Begin MonoManager ReloadAssembly
Native extension for WindowsStandalone target not found
Refreshing native plugins compatible for Editor in 0.44 ms, found 0 plugins.
Preloading 0 native plugins for Editor in 0.00 ms.
Mono: successfully reloaded assembly
- Completed reload, in  1.120 seconds
Platform modules already initialized, skipping
Refreshing native plugins compatible for Editor in 0.32 ms, found 0 plugins.
Preloading 0 native plugins for Editor in 0.00 ms.
Unloading 1164 Unused Serialized files (Serialized files now loaded: 0)
System memory in use before: 78.6 MB.
System memory in use after: 78.7 MB.

Unloading 5 unused Assets to reduce memory usage. Loaded Objects now: 1624.
Total: 1.915500 ms (FindLiveObjects: 0.144100 ms CreateObjectMapping: 0.036200 ms MarkObjects: 1.636000 ms  DeleteObjects: 0.098500 ms)

========================================================================
Received Prepare
Registering precompiled user dll's ...
Registered in 0.001596 seconds.
Begin MonoManager ReloadAssembly
Native extension for WindowsStandalone target not found
Refreshing native plugins compatible for Editor in 0.27 ms, found 0 plugins.
Preloading 0 native plugins for Editor in 0.00 ms.
Mono: successfully reloaded assembly
- Completed reload, in  1.114 seconds
Platform modules already initialized, skipping
Refreshing native plugins compatible for Editor in 0.35 ms, found 0 plugins.
Preloading 0 native plugins for Editor in 0.00 ms.
Unloading 1164 Unused Serialized files (Serialized files now loaded: 0)
System memory in use before: 78.7 MB.
System memory in use after: 78.7 MB.

Unloading 5 unused Assets to reduce memory usage. Loaded Objects now: 1627.
Total: 2.406900 ms (FindLiveObjects: 0.266900 ms CreateObjectMapping: 0.075200 ms MarkObjects: 1.987100 ms  DeleteObjects: 0.076500 ms)

========================================================================
Received Import Request.
  Time since last request: 157.641453 seconds.
  path: Assets/Object/Enemy/Prefab/mutant.prefab
  artifactKey: Guid(d8d0db951a012e341a5e8cb09aa7c030) Importer(815301076,1909f56bfc062723c751e8b465ee728b)
Start importing Assets/Object/Enemy/Prefab/mutant.prefab using Guid(d8d0db951a012e341a5e8cb09aa7c030) Importer(815301076,1909f56bfc062723c751e8b465ee728b)  -> (artifact id: 'aed6e35c279dc4280e9488f9c966077a') in 0.087861 seconds
  Import took 0.090670 seconds .

========================================================================
Received Prepare
Registering precompiled user dll's ...
Registered in 0.002273 seconds.
Begin MonoManager ReloadAssembly
Native extension for WindowsStandalone target not found
Refreshing native plugins compatible for Editor in 0.29 ms, found 0 plugins.
Preloading 0 native plugins for Editor in 0.00 ms.
Mono: successfully reloaded assembly
- Completed reload, in  1.112 seconds
Platform modules already initialized, skipping
Refreshing native plugins compatible for Editor in 0.22 ms, found 0 plugins.
Preloading 0 native plugins for Editor in 0.00 ms.
Unloading 1164 Unused Serialized files (Serialized files now loaded: 0)
System memory in use before: 78.7 MB.
System memory in use after: 78.8 MB.

Unloading 5 unused Assets to reduce memory usage. Loaded Objects now: 1631.
Total: 2.764600 ms (FindLiveObjects: 0.216300 ms CreateObjectMapping: 0.052300 ms MarkObjects: 2.422600 ms  DeleteObjects: 0.072300 ms)

========================================================================
Received Import Request.
  Time since last request: 323.103471 seconds.
  path: Assets/Object/Player/Script/Player_Collision.cs
  artifactKey: Guid(5502ade095983984ca67fca92730ee89) Importer(815301076,1909f56bfc062723c751e8b465ee728b)
Start importing Assets/Object/Player/Script/Player_Collision.cs using Guid(5502ade095983984ca67fca92730ee89) Importer(815301076,1909f56bfc062723c751e8b465ee728b)  -> (artifact id: '97afd6fe06f64afbcdf49c5474a564a8') in 0.011479 seconds
  Import took 0.013901 seconds .

========================================================================
Received Import Request.
  Time since last request: 1.021069 seconds.
  path: Assets/Object/Player/Script/Paladin_Script.cs
  artifactKey: Guid(f1dfba738ef98b94588f9969ae08b81d) Importer(815301076,1909f56bfc062723c751e8b465ee728b)
Start importing Assets/Object/Player/Script/Paladin_Script.cs using Guid(f1dfba738ef98b94588f9969ae08b81d) Importer(815301076,1909f56bfc062723c751e8b465ee728b)  -> (artifact id: '3b3c9602521cac74983ee8048cab9d4b') in 0.003916 seconds
  Import took 0.006143 seconds .

========================================================================
Received Import Request.
  Time since last request: 0.308899 seconds.
  path: Assets/Object/Player/Script/Paladin_Script.cs
  artifactKey: Guid(f1dfba738ef98b94588f9969ae08b81d) Importer(815301076,1909f56bfc062723c751e8b465ee728b)
Start importing Assets/Object/Player/Script/Paladin_Script.cs using Guid(f1dfba738ef98b94588f9969ae08b81d) Importer(815301076,1909f56bfc062723c751e8b465ee728b)  -> (artifact id: '3b3c9602521cac74983ee8048cab9d4b') in 0.003293 seconds
  Import took 0.005442 seconds .

========================================================================
Received Prepare
Registering precompiled user dll's ...
Registered in 0.001778 seconds.
Begin MonoManager ReloadAssembly
Native extension for WindowsStandalone target not found
Refreshing native plugins compatible for Editor in 0.27 ms, found 0 plugins.
Preloading 0 native plugins for Editor in 0.00 ms.
Mono: successfully reloaded assembly
- Completed reload, in  1.313 seconds
Platform modules already initialized, skipping
Refreshing native plugins compatible for Editor in 0.27 ms, found 0 plugins.
Preloading 0 native plugins for Editor in 0.00 ms.
Unloading 1164 Unused Serialized files (Serialized files now loaded: 0)
System memory in use before: 78.7 MB.
System memory in use after: 78.8 MB.

Unloading 5 unused Assets to reduce memory usage. Loaded Objects now: 1634.
Total: 1.897500 ms (FindLiveObjects: 0.178600 ms CreateObjectMapping: 0.052700 ms MarkObjects: 1.615700 ms  DeleteObjects: 0.049300 ms)

========================================================================
Received Import Request.
  Time since last request: 310.895871 seconds.
  path: Assets/Object/Enemy/script/mutant.cs
  artifactKey: Guid(4a6314f4642742f4fbb3667c885133f1) Importer(815301076,1909f56bfc062723c751e8b465ee728b)
Start importing Assets/Object/Enemy/script/mutant.cs using Guid(4a6314f4642742f4fbb3667c885133f1) Importer(815301076,1909f56bfc062723c751e8b465ee728b)  -> (artifact id: '55cb8b8f73d08012289774a85888f88a') in 0.009506 seconds
  Import took 0.013392 seconds .

========================================================================
Received Import Request.
  Time since last request: 0.001081 seconds.
  path: Assets/Object/Enemy/script/mutant.cs
  artifactKey: Guid(4a6314f4642742f4fbb3667c885133f1) Importer(815301076,1909f56bfc062723c751e8b465ee728b)
Start importing Assets/Object/Enemy/script/mutant.cs using Guid(4a6314f4642742f4fbb3667c885133f1) Importer(815301076,1909f56bfc062723c751e8b465ee728b)  -> (artifact id: '55cb8b8f73d08012289774a85888f88a') in 0.005392 seconds
  Import took 0.008327 seconds .

========================================================================
Received Prepare
Registering precompiled user dll's ...
Registered in 0.005144 seconds.
Begin MonoManager ReloadAssembly
Native extension for WindowsStandalone target not found
Refreshing native plugins compatible for Editor in 0.28 ms, found 0 plugins.
Preloading 0 native plugins for Editor in 0.00 ms.
Mono: successfully reloaded assembly
- Completed reload, in  1.241 seconds
Platform modules already initialized, skipping
Refreshing native plugins compatible for Editor in 0.24 ms, found 0 plugins.
Preloading 0 native plugins for Editor in 0.00 ms.
Unloading 1164 Unused Serialized files (Serialized files now loaded: 0)
System memory in use before: 78.7 MB.
System memory in use after: 78.8 MB.

Unloading 5 unused Assets to reduce memory usage. Loaded Objects now: 1637.
Total: 2.061200 ms (FindLiveObjects: 0.161000 ms CreateObjectMapping: 0.052900 ms MarkObjects: 1.786000 ms  DeleteObjects: 0.060100 ms)

========================================================================
Received Import Request.
  Time since last request: 50.276297 seconds.
  path: Assets/Object/Enemy/Animetion/mutant.controller
  artifactKey: Guid(0c29dfdfee810694db4930ca26b728b6) Importer(815301076,1909f56bfc062723c751e8b465ee728b)
Start importing Assets/Object/Enemy/Animetion/mutant.controller using Guid(0c29dfdfee810694db4930ca26b728b6) Importer(815301076,1909f56bfc062723c751e8b465ee728b)  -> (artifact id: '735a3dbe393d022ed655f94c0df316e3') in 0.031996 seconds
  Import took 0.034469 seconds .

========================================================================
Received Prepare
Registering precompiled user dll's ...
Registered in 0.002541 seconds.
Begin MonoManager ReloadAssembly
Native extension for WindowsStandalone target not found
Refreshing native plugins compatible for Editor in 0.36 ms, found 0 plugins.
Preloading 0 native plugins for Editor in 0.00 ms.
Mono: successfully reloaded assembly
- Completed reload, in  1.188 seconds
Platform modules already initialized, skipping
Refreshing native plugins compatible for Editor in 0.25 ms, found 0 plugins.
Preloading 0 native plugins for Editor in 0.00 ms.
Unloading 1164 Unused Serialized files (Serialized files now loaded: 0)
System memory in use before: 78.7 MB.
System memory in use after: 78.8 MB.

Unloading 5 unused Assets to reduce memory usage. Loaded Objects now: 1640.
Total: 2.418600 ms (FindLiveObjects: 0.270700 ms CreateObjectMapping: 0.100200 ms MarkObjects: 1.988300 ms  DeleteObjects: 0.057000 ms)

AssetImportWorkerClient::OnTransportError - code=2 error=End of file
