Using pre-set license
Built from '2020.3/staging' branch; Version is '2020.3.4f1 (0abb6314276a) revision 703331'; Using compiler version '192528614'; Build Type 'Release'
OS: 'Windows 10 Home; OS build 19043.985; Version 2009; 64bit' Language: 'ja' Physical Memory: 32688 MB
BatchMode: 1, IsHumanControllingUs: 0, StartBugReporterOnCrash: 0, Is64bit: 1, IsPro: 0

 COMMAND LINE ARGUMENTS:
C:\Program Files\Unity\Hub\Editor\2020.3.4f1\Editor\Unity.exe
-adb2
-batchMode
-noUpm
-name
AssetImportWorker1
-projectPath
C:/Users/SyunF/OneDrive/デスクトップ/chi-mu/Unity-X/ProjectX
-logFile
Logs/AssetImportWorker1.log
-srvPort
54651
Successfully changed project path to: C:/Users/SyunF/OneDrive/デスクトップ/chi-mu/Unity-X/ProjectX
C:/Users/SyunF/OneDrive/デスクトップ/chi-mu/Unity-X/ProjectX
Using Asset Import Pipeline V2.
Refreshing native plugins compatible for Editor in 27.33 ms, found 0 plugins.
Preloading 0 native plugins for Editor in 0.00 ms.
Initialize engine version: 2020.3.4f1 (0abb6314276a)
[Subsystems] Discovering subsystems at path C:/Program Files/Unity/Hub/Editor/2020.3.4f1/Editor/Data/Resources/UnitySubsystems
[Subsystems] Discovering subsystems at path C:/Users/SyunF/OneDrive/デスクトップ/chi-mu/Unity-X/ProjectX/Assets
GfxDevice: creating device client; threaded=0
Direct3D:
    Version:  Direct3D 11.0 [level 11.1]
    Renderer: NVIDIA GeForce RTX 2080 SUPER (ID=0x1e81)
    Vendor:   
    VRAM:     8010 MB
    Driver:   27.21.14.6647
Initialize mono
Mono path[0] = 'C:/Program Files/Unity/Hub/Editor/2020.3.4f1/Editor/Data/Managed'
Mono path[1] = 'C:/Program Files/Unity/Hub/Editor/2020.3.4f1/Editor/Data/MonoBleedingEdge/lib/mono/unityjit'
Mono config path = 'C:/Program Files/Unity/Hub/Editor/2020.3.4f1/Editor/Data/MonoBleedingEdge/etc'
Using monoOptions --debugger-agent=transport=dt_socket,embedding=1,server=y,suspend=n,address=127.0.0.1:56136
Begin MonoManager ReloadAssembly
Registering precompiled unity dll's ...
Register platform support module: C:/Program Files/Unity/Hub/Editor/2020.3.4f1/Editor/Data/PlaybackEngines/WindowsStandaloneSupport/UnityEditor.WindowsStandalone.Extensions.dll
Registered in 0.001906 seconds.
Native extension for WindowsStandalone target not found
Refreshing native plugins compatible for Editor in 27.56 ms, found 0 plugins.
Preloading 0 native plugins for Editor in 0.00 ms.
Mono: successfully reloaded assembly
- Completed reload, in  1.004 seconds
Platform modules already initialized, skipping
Registering precompiled user dll's ...
Registered in 0.000805 seconds.
Begin MonoManager ReloadAssembly
Native extension for WindowsStandalone target not found
Refreshing native plugins compatible for Editor in 0.35 ms, found 0 plugins.
Preloading 0 native plugins for Editor in 0.00 ms.
Mono: successfully reloaded assembly
- Completed reload, in  0.744 seconds
Platform modules already initialized, skipping
========================================================================
Worker process is ready to serve import requests
Launched and connected shader compiler UnityShaderCompiler.exe after 0.05 seconds
Refreshing native plugins compatible for Editor in 0.27 ms, found 0 plugins.
Preloading 0 native plugins for Editor in 0.00 ms.
Unloading 1181 Unused Serialized files (Serialized files now loaded: 0)
System memory in use before: 80.4 MB.
System memory in use after: 80.4 MB.

Unloading 10 unused Assets to reduce memory usage. Loaded Objects now: 1644.
Total: 1.658300 ms (FindLiveObjects: 0.171300 ms CreateObjectMapping: 0.075300 ms MarkObjects: 1.287500 ms  DeleteObjects: 0.122900 ms)

========================================================================
Received Import Request.
  path: Assets/SkythianCat/Hand_Painted_Nature_Kit_LITE/Materials/Stump_tip.mat
  artifactKey: Guid(fd2fea3c5c04b3044a0e0925974148da) Importer(815301076,1909f56bfc062723c751e8b465ee728b)
Start importing Assets/SkythianCat/Hand_Painted_Nature_Kit_LITE/Materials/Stump_tip.mat using Guid(fd2fea3c5c04b3044a0e0925974148da) Importer(815301076,1909f56bfc062723c751e8b465ee728b)  -> (artifact id: '52eb3f8ec3fd031646575323e2da4203') in 0.083680 seconds
  Import took 0.085463 seconds .

========================================================================
Received Import Request.
  Time since last request: 0.000253 seconds.
  path: Assets/SkythianCat/Hand_Painted_Nature_Kit_LITE/Materials/Dandelion.mat
  artifactKey: Guid(cce6087106ae93b4b924d77af765a269) Importer(815301076,1909f56bfc062723c751e8b465ee728b)
Start importing Assets/SkythianCat/Hand_Painted_Nature_Kit_LITE/Materials/Dandelion.mat using Guid(cce6087106ae93b4b924d77af765a269) Importer(815301076,1909f56bfc062723c751e8b465ee728b)  -> (artifact id: '402522bb51f90c97be57dd0323b5f9d3') in 0.008939 seconds
  Import took 0.010519 seconds .

========================================================================
Received Import Request.
  Time since last request: 0.000258 seconds.
  path: Assets/SkythianCat/Hand_Painted_Nature_Kit_LITE/Materials/Fern01_branch.mat
  artifactKey: Guid(5e02285271f932b4d97dc7b92e669bfc) Importer(815301076,1909f56bfc062723c751e8b465ee728b)
Start importing Assets/SkythianCat/Hand_Painted_Nature_Kit_LITE/Materials/Fern01_branch.mat using Guid(5e02285271f932b4d97dc7b92e669bfc) Importer(815301076,1909f56bfc062723c751e8b465ee728b)  -> (artifact id: 'aab43482727b237d66f869e07c9361ba') in 0.007412 seconds
  Import took 0.009020 seconds .

========================================================================
Received Import Request.
  Time since last request: 0.000185 seconds.
  path: Assets/SkythianCat/Hand_Painted_Nature_Kit_LITE/Materials/Pine_branch.mat
  artifactKey: Guid(2c090ec8819221843abcb401d6038363) Importer(815301076,1909f56bfc062723c751e8b465ee728b)
Start importing Assets/SkythianCat/Hand_Painted_Nature_Kit_LITE/Materials/Pine_branch.mat using Guid(2c090ec8819221843abcb401d6038363) Importer(815301076,1909f56bfc062723c751e8b465ee728b)  -> (artifact id: '90fc0de0f2e67de645daf52f55c38cca') in 0.007307 seconds
  Import took 0.009053 seconds .

========================================================================
Received Import Request.
  Time since last request: 0.000221 seconds.
  path: Assets/SkythianCat/Hand_Painted_Nature_Kit_LITE/DEMO/Demo_sceneSettings.lighting
  artifactKey: Guid(144983eeb44a63a47841ba9275106719) Importer(815301076,1909f56bfc062723c751e8b465ee728b)
Start importing Assets/SkythianCat/Hand_Painted_Nature_Kit_LITE/DEMO/Demo_sceneSettings.lighting using Guid(144983eeb44a63a47841ba9275106719) Importer(815301076,1909f56bfc062723c751e8b465ee728b) LightingSettings: switching bake backend from 1 to 0.
 -> (artifact id: '32eeb5c9b8fa4681b44669413aeb2c8c') in 0.004214 seconds
  Import took 0.005948 seconds .

========================================================================
Received Import Request.
  Time since last request: 0.000258 seconds.
  path: Assets/SkythianCat/Hand_Painted_Nature_Kit_LITE/Materials/Larch_branch.mat
  artifactKey: Guid(019361ef072c0d0499ac07e2f3a69f4a) Importer(815301076,1909f56bfc062723c751e8b465ee728b)
Start importing Assets/SkythianCat/Hand_Painted_Nature_Kit_LITE/Materials/Larch_branch.mat using Guid(019361ef072c0d0499ac07e2f3a69f4a) Importer(815301076,1909f56bfc062723c751e8b465ee728b)  -> (artifact id: 'f2bcf0cf2f1d6a84ac209167d6a06bb6') in 0.007543 seconds
  Import took 0.009533 seconds .

========================================================================
Received Import Request.
  Time since last request: 0.000245 seconds.
  path: Assets/SkythianCat/Hand_Painted_Nature_Kit_LITE/Materials/Cedar_branch.mat
  artifactKey: Guid(61ee3851987a5754786c6b9cf70230c1) Importer(815301076,1909f56bfc062723c751e8b465ee728b)
Start importing Assets/SkythianCat/Hand_Painted_Nature_Kit_LITE/Materials/Cedar_branch.mat using Guid(61ee3851987a5754786c6b9cf70230c1) Importer(815301076,1909f56bfc062723c751e8b465ee728b)  -> (artifact id: 'e25796aa89e192af8e1d9d53622c3553') in 0.006851 seconds
  Import took 0.008963 seconds .

========================================================================
Received Import Request.
  Time since last request: 0.000239 seconds.
  path: Assets/SkythianCat/Hand_Painted_Nature_Kit_LITE/Materials
  artifactKey: Guid(a2c11ba474409964fa9d63be85b4c961) Importer(815301076,1909f56bfc062723c751e8b465ee728b)
Start importing Assets/SkythianCat/Hand_Painted_Nature_Kit_LITE/Materials using Guid(a2c11ba474409964fa9d63be85b4c961) Importer(815301076,1909f56bfc062723c751e8b465ee728b)  -> (artifact id: '4d1e303f9b5c0facb5eedc8a0e3043bc') in 0.002390 seconds
  Import took 0.004294 seconds .

========================================================================
Received Import Request.
  Time since last request: 0.000209 seconds.
  path: Assets/SkythianCat/Hand_Painted_Nature_Kit_LITE/Materials/Boletus_edulis.mat
  artifactKey: Guid(a8f347959bb942c4e9336c6e3e2d0cfb) Importer(815301076,1909f56bfc062723c751e8b465ee728b)
Start importing Assets/SkythianCat/Hand_Painted_Nature_Kit_LITE/Materials/Boletus_edulis.mat using Guid(a8f347959bb942c4e9336c6e3e2d0cfb) Importer(815301076,1909f56bfc062723c751e8b465ee728b)  -> (artifact id: '4c2027104d6684d0c5ebc19dbebce6d1') in 0.007635 seconds
  Import took 0.009878 seconds .

========================================================================
Received Import Request.
  Time since last request: 0.000256 seconds.
  path: Assets/SkythianCat/Hand_Painted_Nature_Kit_LITE/Materials/Plantain.mat
  artifactKey: Guid(f2f7ee7f0e76e80418d08f6920b62878) Importer(815301076,1909f56bfc062723c751e8b465ee728b)
Start importing Assets/SkythianCat/Hand_Painted_Nature_Kit_LITE/Materials/Plantain.mat using Guid(f2f7ee7f0e76e80418d08f6920b62878) Importer(815301076,1909f56bfc062723c751e8b465ee728b)  -> (artifact id: '51602b89099763e312445d9f83df37f0') in 0.008849 seconds
  Import took 0.011406 seconds .

========================================================================
Received Import Request.
  Time since last request: 0.000219 seconds.
  path: Assets/SkythianCat/Hand_Painted_Nature_Kit_LITE/Materials/Bark3-2.mat
  artifactKey: Guid(cc60ec32b64abd84ba21af6ca87441bf) Importer(815301076,1909f56bfc062723c751e8b465ee728b)
Start importing Assets/SkythianCat/Hand_Painted_Nature_Kit_LITE/Materials/Bark3-2.mat using Guid(cc60ec32b64abd84ba21af6ca87441bf) Importer(815301076,1909f56bfc062723c751e8b465ee728b)  -> (artifact id: '0ae454b5f36e993654f5bee3fa78de98') in 0.010216 seconds
  Import took 0.012263 seconds .

========================================================================
Received Import Request.
  Time since last request: 0.000301 seconds.
  path: Assets/SkythianCat/Hand_Painted_Nature_Kit_LITE/Meshes
  artifactKey: Guid(e0190ee65d158834f999e1bc924f7b92) Importer(815301076,1909f56bfc062723c751e8b465ee728b)
Start importing Assets/SkythianCat/Hand_Painted_Nature_Kit_LITE/Meshes using Guid(e0190ee65d158834f999e1bc924f7b92) Importer(815301076,1909f56bfc062723c751e8b465ee728b)  -> (artifact id: '4885bd8a75853539f4efc5cac0424d54') in 0.002340 seconds
  Import took 0.004218 seconds .

========================================================================
Received Import Request.
  Time since last request: 0.000168 seconds.
  path: Assets/SkythianCat/Hand_Painted_Nature_Kit_LITE/DEMO/Demo_terrain.asset
  artifactKey: Guid(e8dfda675d4b6b045a1a927e19caffc4) Importer(815301076,1909f56bfc062723c751e8b465ee728b)
Start importing Assets/SkythianCat/Hand_Painted_Nature_Kit_LITE/DEMO/Demo_terrain.asset using Guid(e8dfda675d4b6b045a1a927e19caffc4) Importer(815301076,1909f56bfc062723c751e8b465ee728b) Received signal SIGSEGV
Stack trace:
0x00007ff6059856ca (Unity) CreateAssetToGUIDMappingV2
0x00007ff6058f4960 (Unity) AssetDatabase::CreateAssetToGUIDMapping
0x00007ff60470ed95 (Unity) SplatDatabase::CreateTerrainLayerAsset
0x00007ff60470da50 (Unity) SplatDatabase::ConvertSplatsToTerrainLayers
0x00007ff60470a9fc (Unity) SplatDatabase::AwakeFromLoad
0x00007ff604755466 (Unity) TerrainData::AwakeFromLoad
0x00007ff6042c7c7f (Unity) AwakeFromLoadQueue::InvokePersistentManagerAwake
0x00007ff6042c85d2 (Unity) AwakeFromLoadQueue::PersistentManagerAwakeFromLoad
0x00007ff6042c875a (Unity) AwakeFromLoadQueue::PersistentManagerAwakeFromLoad
0x00007ff6042552fe (Unity) PersistentManager::IntegrateAllThreadedObjects
0x00007ff604255d17 (Unity) PersistentManager::LoadAndIntegrateAllPreallocatedObjects
0x00007ff6042592a3 (Unity) PersistentManager::ReadObject
0x00007ff6058eda51 (Unity) WritePreviews
0x00007ff6058e790e (Unity) PreviewImporter::GenerateAssetData
0x00007ff6059fba19 (Unity) ImportToObjects
0x00007ff6059fa888 (Unity) AssetImportWorker::Import
0x00007ff605959e8f (Unity) <lambda_77c748ffdfab40a7d87ea62709a69e39>::operator()
0x00007ff605a253a2 (Unity) asio::detail::completion_handler<core::mutable_function<void __cdecl(void)> >::do_complete
0x00007ff605a27500 (Unity) asio::detail::win_iocp_io_service::do_one
0x00007ff605a2ac8e (Unity) asio::io_service::run
0x00007ff6059a0d10 (Unity) RunAssetImportWorkerClientV2
0x00007ff6059a0d60 (Unity) RunAssetImporterV2
0x00007ff604ead086 (Unity) Application::InitializeProject
0x00007ff60582d292 (Unity) WinMain
0x00007ff6076a5fc6 (Unity) __scrt_common_main_seh
0x00007ff9a9457034 (KERNEL32) BaseThreadInitThunk
0x00007ff9aa5a2651 (ntdll) RtlUserThreadStart

